<?xml version="1.0" encoding="UTF-8"?>
<testsuite xmlns:xsi="http://www.w3.org/2001/XMLSchema-instance" xsi:noNamespaceSchemaLocation="https://maven.apache.org/surefire/maven-surefire-plugin/xsd/surefire-test-report-3.0.xsd" version="3.0" name="TestSuite" time="92.069" tests="6" errors="0" skipped="0" failures="2">
  <properties>
[...]
</properties>
  <testcase name="runScenario[&quot;Data Driven Login&quot;, &quot;Optional[Login nopCommerce Application]&quot;](1)" classname="TestRunner.RunnerClass" time="47.89">
    <system-out><![CDATA[[TestNGContentHandler] [WARN] It is strongly recommended to add "<!DOCTYPE suite SYSTEM "http://testng.org/testng-1.0.dtd" >" at the top of your file, otherwise TestNG may fail or not work as expected.

@Regression
Scenario: Search Customer by EmailId                                     # Features/Customers.feature:20

@Sanity
Scenario: SuccessFul Login with Valid  Credentials                       # Features/LoginPage.feature:4

@Sanity
Scenario: Add new Customer                                                                # Features/Customers.feature:9

@Regression
Scenario Outline: Data Driven Login                                      # Features/LoginPage.feature:28

@Regression
Scenario Outline: Data Driven Login                                      # Features/LoginPage.feature:27

@Regression
Scenario: Search Customer by Name                                        # Features/Customers.feature:29
  Given User Launch the Chrome browser                                   # stepDefinition.Steps.user_launch_the_chrome_browser()
  Given User Launch the Chrome browser                                   # stepDefinition.Steps.user_launch_the_chrome_browser()
  Given User Launch the Chrome browser                                   # stepDefinition.Steps.user_launch_the_chrome_browser()
  Given User Launch the Chrome browser                                                    # stepDefinition.Steps.user_launch_the_chrome_browser()
  Given User Launch the Chrome browser                                   # stepDefinition.Steps.user_launch_the_chrome_browser()
  Given User Launch the Chrome browser                                   # stepDefinition.Steps.user_launch_the_chrome_browser()
  When User opens URL "https://admin-demo.nopcommerce.com/login"         # stepDefinition.Steps.user_opens_url(java.lang.String)
  When User opens URL "https://admin-demo.nopcommerce.com/login"         # stepDefinition.Steps.user_opens_url(java.lang.String)
  When User opens URL "https://admin-demo.nopcommerce.com/login"         # stepDefinition.Steps.user_opens_url(java.lang.String)
  When User opens URL "https://admin-demo.nopcommerce.com/login"         # stepDefinition.Steps.user_opens_url(java.lang.String)
  When User opens URL "https://admin-demo.nopcommerce.com/login"         # stepDefinition.Steps.user_opens_url(java.lang.String)
  When User opens URL "https://admin-demo.nopcommerce.com/login"                          # stepDefinition.Steps.user_opens_url(java.lang.String)
  And User enters Email as "admin@yourstore.com" and Password as "admin" # stepDefinition.Steps.user_enters_email_as_and_password_as(java.lang.String,java.lang.String)
  And User enters Email as "admin@yourstore.com" and Password as "admin" # stepDefinition.Steps.user_enters_email_as_and_password_as(java.lang.String,java.lang.String)
  And User enters Email as "admin@yourstore.com" and Password as "admin" # stepDefinition.Steps.user_enters_email_as_and_password_as(java.lang.String,java.lang.String)
  And User enters Email as "admin@yourstore.com" and Password as "admin" # stepDefinition.Steps.user_enters_email_as_and_password_as(java.lang.String,java.lang.String)
  And User enters Email as "admin@yourstore.com" and Password as "admin" # stepDefinition.Steps.user_enters_email_as_and_password_as(java.lang.String,java.lang.String)
  And User enters Email as "admin@yourstore.com" and Password as "admin"                  # stepDefinition.Steps.user_enters_email_as_and_password_as(java.lang.String,java.lang.String)
  And Click on Login                                                     # stepDefinition.Steps.click_on_login()
  Then User can view Dashboard                                           # stepDefinition.Steps.user_can_view_dashboard()
  And Click on Login                                                     # stepDefinition.Steps.click_on_login()
  And Click on Login                                                     # stepDefinition.Steps.click_on_login()
  And Click on Login                                                                      # stepDefinition.Steps.click_on_login()
  Then User can view Dashboard                                                            # stepDefinition.Steps.user_can_view_dashboard()
  And Click on Login                                                     # stepDefinition.Steps.click_on_login()
  And Click on Login                                                     # stepDefinition.Steps.click_on_login()
  Then User can view Dashboard                                           # stepDefinition.Steps.user_can_view_dashboard()
  When User click on customer menu                                       # stepDefinition.Steps.user_click_on_customer_menu()
  Then Page title Should be "Dashboard / nopCommerce administration"     # stepDefinition.Steps.page_title_should_be(java.lang.String)
  Then Page title Should be "Dashboard / nopCommerce administration"     # stepDefinition.Steps.page_title_should_be(java.lang.String)
  When User click on customer menu                                                        # stepDefinition.Steps.user_click_on_customer_menu()
  Then Page title Should be "Dashboard / nopCommerce administration"     # stepDefinition.Steps.page_title_should_be(java.lang.String)
  When User click on customer menu                                       # stepDefinition.Steps.user_click_on_customer_menu()
  When User Click on Logout Link                                         # stepDefinition.Steps.user_click_on_logout_link()
  When User Click on Logout Link                                         # stepDefinition.Steps.user_click_on_logout_link()
  Then Page Title  Should bee "Your store. Login"                        # stepDefinition.Steps.page_title_should_bee(java.lang.String)
  Then Page Title  Should bee "Your store. Login"                        # stepDefinition.Steps.page_title_should_bee(java.lang.String)
  When User Click on Logout Link                                         # stepDefinition.Steps.user_click_on_logout_link()
  Then Page Title  Should bee "Your store. Login"                        # stepDefinition.Steps.page_title_should_bee(java.lang.String)
  And Close/Quit the browser                                             # stepDefinition.Steps.lose_quit_the_browser()
]]></system-out>
    <system-err><![CDATA[SLF4J: Failed to load class "org.slf4j.impl.StaticLoggerBinder".
SLF4J: Defaulting to no-operation (NOP) logger implementation
SLF4J: See http://www.slf4j.org/codes.html#StaticLoggerBinder for further details.
Starting ChromeDriver 106.0.5249.61 (511755355844955cd3e264779baf0dd38212a4d0-refs/branch-heads/5249@{#569}) on port 31968
Only local connections are allowed.
Please see https://chromedriver.chromium.org/security-considerations for suggestions on keeping ChromeDriver safe.
Starting ChromeDriver 106.0.5249.61 (511755355844955cd3e264779baf0dd38212a4d0-refs/branch-heads/5249@{#569}) on port 26386
Only local connections arSet aratlilnowg edCh.ro
PmleeDarisve esre 1e 0h6t.t0ps.5:2//49c.h6r1o me(dr5i1ve1r.7ch55r3om5i5u8m.4o4r9g5/5csedc3uer2i64t7y-7c9obnasfi0dded3r8a2t1io2nas4 d0f-orr efsus/ggbresatncihon-hse oands /k5ee24pi9@n{g# 5C6h9r}o) moenDr ipovrert  2sa67fe25.

Only local connections are allowed.
Please see https://chromedriver.chromium.org/Ssteacrutriityn-gc oCnhsridoemreatDiroinvse rfo r10 6s.u0g.5g2e4st9i.o6ns1  o(n5 1ke1e7p55i3n5g5 8C4hr4o9me55Dcridv3eer2 64s7a7f9bea.f
0dd38212a4d0-refs/branch-heads/5249@{#569}) on port 17590
Only local connections are allowed.
Please see https://chromedriver.chrChromeoDmriiveumr. orwg/as started successfully.sec
urity-considerations for suggestions on keeping ChromeDriver safe.
ChromeDriver was started successfully.
ChromeDriver was started successfully.
Starting ChromeDriver 106.0.5249.61 (511755355844955cd3e264779baf0dd38212a4d0-refs/branch-heads/5249@{#569}) on port 20286
Only local connections are allowed.
Please see https://chromedriver.chromiChuromme.oDrrgi/vseerc wuarsi tsy-tacorntesdi dseruactcieosnssf fuolrly .su
ggestions on keeping ChromeDriver safe.
ChromeDriver was started successfully.
Starting ChromeDriver 106.0.5249.61 (511755355844955cd3e264779baf0dd38212a4d0-refs/branch-heads/5249@{#569}) on port 41179
Only local connections are allowed.
Please see https://chromedriver.chromium.org/security-considerations for suggestions on keeping ChromeDriver safe.
ChromeDriver was started successfully.
Oct 21, 2022 12:40:02 PM org.openqa.selenium.remote.ProtocolHandshake createSession
INFO: Detected dialect: W3C
log4j:WARN No appenders could be found for logger (nopCommerceV003_Cucumber).
log4j:WARN Please initialize the log4j system properly.
log4j:WARN See http://logging.apache.org/log4j/1.2/faq.html#noconfig for more info.
Oct 21, 2022 12:40:03 PM org.openqa.selenium.remote.ProtocolHandshake createSession
INFO: Detected dialect: W3C
Oct 21, 2022 12:40:04 PM org.openqa.selenium.remote.ProtocolHandshake createSession
INFO: Detected dialect: W3C
Oct 21, 2022 12:40:05 PM org.openqa.selenium.remote.ProtocolHandshake createSession
INFO: Detected dialect: W3C
Oct 21, 2022 12:40:05 PM org.openqa.selenium.remote.ProtocolHandshake createSession
INFO: Detected dialect: W3C
Oct 21, 2022 12:40:06 PM org.openqa.selenium.remote.ProtocolHandshake createSession
INFO: Detected dialect: W3C
]]></system-err>
  </testcase>
  <testcase name="runScenario[&quot;SuccessFul Login with Valid  Credentials&quot;, &quot;Optional[Login nopCommerce Application]&quot;](2)" classname="TestRunner.RunnerClass" time="47.892">
    <system-out><![CDATA[  And Close/Quit the browser                                             # stepDefinition.Steps.lose_quit_the_browser()
]]></system-out>
  </testcase>
  <testcase name="runScenario[&quot;Data Driven Login&quot;, &quot;Optional[Login nopCommerce Application]&quot;](3)" classname="TestRunner.RunnerClass" time="47.945">
    <system-out><![CDATA[  And Close/Quit the browser                                             # stepDefinition.Steps.lose_quit_the_browser()
]]></system-out>
  </testcase>
  <testcase name="runScenario[&quot;Search Customer by Name&quot;, &quot;Optional[Customers]&quot;](4)" classname="TestRunner.RunnerClass" time="55.238">
    <failure message="no such element: Unable to locate element: {&quot;method&quot;:&quot;xpath&quot;,&quot;selector&quot;:&quot;//table[@id=&apos;customers-grid&apos;]//tbody/tr[1]/td[3]&quot;}&#10;  (Session info: chrome=106.0.5249.119)&#10;For documentation on this error, please visit: https://www.seleniumhq.org/exceptions/no_such_element.html&#10;Build info: version: &apos;3.141.59&apos;, revision: &apos;e82be7d358&apos;, time: &apos;2018-11-14T08:17:03&apos;&#10;System info: host: &apos;LAPTOP-7DJ18U3D&apos;, ip: &apos;192.168.1.41&apos;, os.name: &apos;Windows 10&apos;, os.arch: &apos;amd64&apos;, os.version: &apos;10.0&apos;, java.version: &apos;11.0.7&apos;&#10;Driver info: org.openqa.selenium.chrome.ChromeDriver&#10;Capabilities {acceptInsecureCerts: false, browserName: chrome, browserVersion: 106.0.5249.119, chrome: {chromedriverVersion: 106.0.5249.61 (511755355844..., userDataDir: C:\Users\GURUPR~1\AppData\L...}, goog:chromeOptions: {debuggerAddress: localhost:50026}, javascriptEnabled: true, networkConnectionEnabled: false, pageLoadStrategy: normal, platform: WINDOWS, platformName: WINDOWS, proxy: Proxy(), setWindowRect: true, strictFileInteractability: false, timeouts: {implicit: 0, pageLoad: 300000, script: 30000}, unhandledPromptBehavior: dismiss and notify, webauthn:extension:credBlob: true, webauthn:extension:largeBlob: true, webauthn:virtualAuthenticators: true}&#10;Session ID: cf3b65c67675b215da78e76434ac8e06&#10;*** Element info: {Using=xpath, value=//table[@id=&apos;customers-grid&apos;]//tbody/tr[1]/td[3]}" type="org.openqa.selenium.NoSuchElementException"><![CDATA[org.openqa.selenium.NoSuchElementException: 
no such element: Unable to locate element: {"method":"xpath","selector":"//table[@id='customers-grid']//tbody/tr[1]/td[3]"}
  (Session info: chrome=106.0.5249.119)
For documentation on this error, please visit: https://www.seleniumhq.org/exceptions/no_such_element.html
Build info: version: '3.141.59', revision: 'e82be7d358', time: '2018-11-14T08:17:03'
System info: host: 'LAPTOP-7DJ18U3D', ip: '192.168.1.41', os.name: 'Windows 10', os.arch: 'amd64', os.version: '10.0', java.version: '11.0.7'
Driver info: org.openqa.selenium.chrome.ChromeDriver
Capabilities {acceptInsecureCerts: false, browserName: chrome, browserVersion: 106.0.5249.119, chrome: {chromedriverVersion: 106.0.5249.61 (511755355844..., userDataDir: C:\Users\GURUPR~1\AppData\L...}, goog:chromeOptions: {debuggerAddress: localhost:50026}, javascriptEnabled: true, networkConnectionEnabled: false, pageLoadStrategy: normal, platform: WINDOWS, platformName: WINDOWS, proxy: Proxy(), setWindowRect: true, strictFileInteractability: false, timeouts: {implicit: 0, pageLoad: 300000, script: 30000}, unhandledPromptBehavior: dismiss and notify, webauthn:extension:credBlob: true, webauthn:extension:largeBlob: true, webauthn:virtualAuthenticators: true}
Session ID: cf3b65c67675b215da78e76434ac8e06
*** Element info: {Using=xpath, value=//table[@id='customers-grid']//tbody/tr[1]/td[3]}
]]></failure>
    <system-out><![CDATA[  And Click on customer menu Items                                       # stepDefinition.Steps.click_on_customer_menu_items()
  And Enter Customer FirstName                                           # stepDefinition.Steps.enter_customer_first_name()
  And Click on customer menu Items                                                        # stepDefinition.Steps.click_on_customer_menu_items()
  And Click on customer menu Items                                       # stepDefinition.Steps.click_on_customer_menu_items()
victoria_victoria@nopCommerce.com
  And Enter Customer LastName                                            # stepDefinition.Steps.enter_customer_last_name()
brenda_lindgren@nopCommerce.com
james_pan@nopCommerce.com
arthur_holmes@nopCommerce.com
steve_gates@nopCommerce.com
admin@yourStore.com
  And Enter customer Email                                               # stepDefinition.Steps.enter_customer_email()
  When Click on Search button                                            # stepDefinition.Steps.click_on_search_button()
  Then User Should found Name in the Search table                        # stepDefinition.Steps.user_should_found_name_in_the_search_table()
      org.openqa.selenium.NoSuchElementException: no such element: Unable to locate element: {"method":"xpath","selector":"//table[@id='customers-grid']//tbody/tr[1]/td[3]"}
  (Session info: chrome=106.0.5249.119)
For documentation on this error, please visit: https://www.seleniumhq.org/exceptions/no_such_element.html
Build info: version: '3.141.59', revision: 'e82be7d358', time: '2018-11-14T08:17:03'
System info: host: 'LAPTOP-7DJ18U3D', ip: '192.168.1.41', os.name: 'Windows 10', os.arch: 'amd64', os.version: '10.0', java.version: '11.0.7'
Driver info: org.openqa.selenium.chrome.ChromeDriver
Capabilities {acceptInsecureCerts: false, browserName: chrome, browserVersion: 106.0.5249.119, chrome: {chromedriverVersion: 106.0.5249.61 (511755355844..., userDataDir: C:\Users\GURUPR~1\AppData\L...}, goog:chromeOptions: {debuggerAddress: localhost:50026}, javascriptEnabled: true, networkConnectionEnabled: false, pageLoadStrategy: normal, platform: WINDOWS, platformName: WINDOWS, proxy: Proxy(), setWindowRect: true, strictFileInteractability: false, timeouts: {implicit: 0, pageLoad: 300000, script: 30000}, unhandledPromptBehavior: dismiss and notify, webauthn:extension:credBlob: true, webauthn:extension:largeBlob: true, webauthn:virtualAuthenticators: true}
Session ID: cf3b65c67675b215da78e76434ac8e06
*** Element info: {Using=xpath, value=//table[@id='customers-grid']//tbody/tr[1]/td[3]}
	at java.base/jdk.internal.reflect.NativeConstructorAccessorImpl.newInstance0(Native Method)
	at java.base/jdk.internal.reflect.NativeConstructorAccessorImpl.newInstance(NativeConstructorAccessorImpl.java:62)
	at java.base/jdk.internal.reflect.DelegatingConstructorAccessorImpl.newInstance(DelegatingConstructorAccessorImpl.java:45)
	at java.base/java.lang.reflect.Constructor.newInstance(Constructor.java:490)
	at org.openqa.selenium.remote.http.W3CHttpResponseCodec.createException(W3CHttpResponseCodec.java:187)
	at org.openqa.selenium.remote.http.W3CHttpResponseCodec.decode(W3CHttpResponseCodec.java:122)
	at org.openqa.selenium.remote.http.W3CHttpResponseCodec.decode(W3CHttpResponseCodec.java:49)
	at org.openqa.selenium.remote.HttpCommandExecutor.execute(HttpCommandExecutor.java:158)
	at org.openqa.selenium.remote.service.DriverCommandExecutor.execute(DriverCommandExecutor.java:83)
	at org.openqa.selenium.remote.RemoteWebDriver.execute(RemoteWebDriver.java:552)
	at org.openqa.selenium.remote.RemoteWebElement.execute(RemoteWebElement.java:285)
	at org.openqa.selenium.remote.RemoteWebElement.findElement(RemoteWebElement.java:185)
	at org.openqa.selenium.remote.RemoteWebElement.findElementByXPath(RemoteWebElement.java:261)
	at org.openqa.selenium.By$ByXPath.findElement(By.java:353)
	at org.openqa.selenium.remote.RemoteWebElement.findElement(RemoteWebElement.java:181)
	at java.base/jdk.internal.reflect.NativeMethodAccessorImpl.invoke0(Native Method)
	at java.base/jdk.internal.reflect.NativeMethodAccessorImpl.invoke(NativeMethodAccessorImpl.java:62)
	at java.base/jdk.internal.reflect.DelegatingMethodAccessorImpl.invoke(DelegatingMethodAccessorImpl.java:43)
	at java.base/java.lang.reflect.Method.invoke(Method.java:566)
	at org.openqa.selenium.support.pagefactory.internal.LocatingElementHandler.invoke(LocatingElementHandler.java:51)
	at com.sun.proxy.$Proxy24.findElement(Unknown Source)
	at pageObjects.SearchCustomerPage.SearchCustomersByName(SearchCustomerPage.java:161)
	at stepDefinition.Steps.user_should_found_name_in_the_search_table(Steps.java:253)
	at âœ½.User Should found Name in the Search table(file:///D:/Drishyam%20(2015)%20%5BBluRay%5D%20%5B1080p%5D%20%5BYTS.AM%5D/new%20eclipse/nopCommerceV003_Cucumber/./Features/Customers.feature:36)

  And Close/Quit the browser                                             # stepDefinition.Steps.lose_quit_the_browser()

    Embedding Search_Customer_by_Name [image/png 130693 bytes]

]]></system-out>
  </testcase>
  <testcase name="runScenario[&quot;Search Customer by EmailId&quot;, &quot;Optional[Customers]&quot;](5)" classname="TestRunner.RunnerClass" time="57.126">
    <failure message="expected [false] but found [true]" type="java.lang.AssertionError"><![CDATA[java.lang.AssertionError: expected [false] but found [true]
]]></failure>
    <system-out><![CDATA[  When Click on Search button                                            # stepDefinition.Steps.click_on_search_button()
victoria_victoria@nopCommerce.com
brenda_lindgren@nopCommerce.com
james_pan@nopCommerce.com
arthur_holmes@nopCommerce.com
steve_gates@nopCommerce.com
admin@yourStore.com
  Then User Should found Email in the Search table                       # stepDefinition.Steps.user_should_found_email_in_the_search_table()
      java.lang.AssertionError: expected [false] but found [true]
	at org.testng.Assert.fail(Assert.java:96)
	at org.testng.Assert.failNotEquals(Assert.java:776)
	at org.testng.Assert.assertEqualsImpl(Assert.java:137)
	at org.testng.Assert.assertEquals(Assert.java:118)
	at org.testng.Assert.assertEquals(Assert.java:568)
	at org.testng.Assert.assertEquals(Assert.java:578)
	at stepDefinition.Steps.user_should_found_email_in_the_search_table(Steps.java:234)
	at âœ½.User Should found Email in the Search table(file:///D:/Drishyam%20(2015)%20%5BBluRay%5D%20%5B1080p%5D%20%5BYTS.AM%5D/new%20eclipse/nopCommerceV003_Cucumber/./Features/Customers.feature:26)

  And Close/Quit the browser                                             # stepDefinition.Steps.lose_quit_the_browser()

    Embedding Search_Customer_by_EmailId [image/png 131956 bytes]

]]></system-out>
  </testcase>
  <testcase name="runScenario[&quot;Add new Customer&quot;, &quot;Optional[Customers]&quot;](6)" classname="TestRunner.RunnerClass" time="75.337">
    <system-out><![CDATA[  And Click on Add new button                                                             # stepDefinition.Steps.click_on_add_new_button()
  Then User can view Add new Customer Page                                                # stepDefinition.Steps.user_can_view_add_new_customer_page()
  When User enter customer info                                                           # stepDefinition.Steps.user_enter_customer_info()
  And Click on save button                                                                # stepDefinition.Steps.click_on_save_button()
  Then User can view confirmation message "The new customer has been added successfully." # stepDefinition.Steps.user_can_view_confirmation_message(java.lang.String)
  And Close/Quit the browser                                                              # stepDefinition.Steps.lose_quit_the_browser()
]]></system-out>
  </testcase>
</testsuite>